<?xml version="1.0" encoding="UTF-8"?>
<!-- Generated by org.testng.reporters.JUnitReportReporter -->
<testsuite hostname="DESKTOP-FOGU5F1" failures="0" tests="1" name="myPackage.TestClass" time="0.007" errors="0" timestamp="2022-06-21T17:55:40 IST" skipped="0">
  <testcase classname="myPackage.TestClass" name="Amethod" time="0.007"/>
  <system-out/>
</testsuite> <!-- myPackage.TestClass -->
