<?xml version="1.0" encoding="UTF-8"?>
<!-- Generated by org.testng.reporters.JUnitReportReporter -->
<testsuite hostname="DESKTOP-FOGU5F1" failures="0" tests="2" name="myPackage.TestNG1" time="0.006" errors="0" timestamp="2022-06-26T21:28:14 IST" skipped="0">
  <testcase classname="myPackage.TestNG1" name="a2" time="0.002"/>
  <system-out/>
  <testcase classname="myPackage.TestNG1" name="a1" time="0.004"/>
  <system-out/>
</testsuite> <!-- myPackage.TestNG1 -->
